0 info it worked if it ends with ok
1 verbose cli [ '/usr/bin/nodejs', '/usr/bin/npm', 'publish', '-t', '1.0' ]
2 info using npm@3.5.2
3 info using node@v4.2.6
4 verbose publish [ '1.0' ]
5 silly cache add args [ '1.0', null ]
6 verbose cache add spec 1.0
7 silly cache add parsed spec Result {
7 silly cache add   raw: '1.0',
7 silly cache add   scope: null,
7 silly cache add   name: '1.0',
7 silly cache add   rawSpec: '',
7 silly cache add   spec: 'latest',
7 silly cache add   type: 'tag' }
8 silly addNamed 1.0@latest
9 verbose addNamed "latest" is being treated as a dist-tag for 1.0
10 info addNameTag [ '1.0', 'latest' ]
11 silly mapToRegistry name 1.0
12 silly mapToRegistry using default registry
13 silly mapToRegistry registry https://registry.npmjs.org/
14 silly mapToRegistry uri https://registry.npmjs.org/1.0
15 verbose addNameTag registry:https://registry.npmjs.org/1.0 not in flight; fetching
16 verbose request uri https://registry.npmjs.org/1.0
17 verbose request no auth needed
18 info attempt registry request try #1 at 16:15:18
19 verbose request id 82c1969689832ddc
20 http request GET https://registry.npmjs.org/1.0
21 http 200 https://registry.npmjs.org/1.0
22 verbose headers { server: 'nginx/1.10.1',
22 verbose headers   'content-type': 'application/json',
22 verbose headers   'last-modified': 'Sun, 04 Dec 2016 04:54:13 GMT',
22 verbose headers   etag: 'W/"5843a175-62a"',
22 verbose headers   'content-encoding': 'gzip',
22 verbose headers   'cache-control': 'max-age=300',
22 verbose headers   'content-length': '671',
22 verbose headers   'accept-ranges': 'bytes',
22 verbose headers   date: 'Thu, 16 Feb 2017 18:15:19 GMT',
22 verbose headers   via: '1.1 varnish',
22 verbose headers   age: '0',
22 verbose headers   connection: 'keep-alive',
22 verbose headers   'x-served-by': 'cache-gru7124-GRU',
22 verbose headers   'x-cache': 'MISS',
22 verbose headers   'x-cache-hits': '0',
22 verbose headers   'x-timer': 'S1487268919.344648,VS0,VE212',
22 verbose headers   vary: 'Accept-Encoding' }
23 silly get cb [ 200,
23 silly get   { server: 'nginx/1.10.1',
23 silly get     'content-type': 'application/json',
23 silly get     'last-modified': 'Sun, 04 Dec 2016 04:54:13 GMT',
23 silly get     etag: 'W/"5843a175-62a"',
23 silly get     'content-encoding': 'gzip',
23 silly get     'cache-control': 'max-age=300',
23 silly get     'content-length': '671',
23 silly get     'accept-ranges': 'bytes',
23 silly get     date: 'Thu, 16 Feb 2017 18:15:19 GMT',
23 silly get     via: '1.1 varnish',
23 silly get     age: '0',
23 silly get     connection: 'keep-alive',
23 silly get     'x-served-by': 'cache-gru7124-GRU',
23 silly get     'x-cache': 'MISS',
23 silly get     'x-cache-hits': '0',
23 silly get     'x-timer': 'S1487268919.344648,VS0,VE212',
23 silly get     vary: 'Accept-Encoding' } ]
24 verbose get saving 1.0 to /home/fabio/.npm/registry.npmjs.org/1.0/.cache.json
25 silly addNameTag next cb for 1.0 with tag latest
26 silly addNamed 1.0@1.0.2
27 verbose addNamed "1.0.2" is a plain semver version for 1.0
28 silly mapToRegistry name 1.0
29 silly mapToRegistry using default registry
30 silly mapToRegistry registry https://registry.npmjs.org/
31 silly mapToRegistry uri https://registry.npmjs.org/1.0
32 verbose addRemoteTarball https://registry.npmjs.org/1.0/-/1.0-1.0.2.tgz not in flight; adding
33 verbose addRemoteTarball [ 'https://registry.npmjs.org/1.0/-/1.0-1.0.2.tgz',
33 verbose addRemoteTarball   'a5b6e2487f7612a343b0d11c90787d08c4f1891b' ]
34 info retry fetch attempt 1 at 16:15:19
35 info attempt registry request try #1 at 16:15:19
36 http fetch GET https://registry.npmjs.org/1.0/-/1.0-1.0.2.tgz
37 http fetch 200 https://registry.npmjs.org/1.0/-/1.0-1.0.2.tgz
38 silly fetchAndShaCheck shasum a5b6e2487f7612a343b0d11c90787d08c4f1891b
39 verbose addTmpTarball /tmp/npm-13927-9750fc8c/registry.npmjs.org/1.0/-/1.0-1.0.2.tgz not in flight; adding
40 verbose addTmpTarball already have metadata; skipping unpack for 1.0@1.0.2
41 silly cache afterAdd 1.0@1.0.2
42 verbose afterAdd /home/fabio/.npm/1.0/1.0.2/package/package.json not in flight; writing
43 verbose afterAdd /home/fabio/.npm/1.0/1.0.2/package/package.json written
44 silly publish { name: '1.0',
44 silly publish   version: '1.0.2',
44 silly publish   description: 'A use of angular framework to write the news system',
44 silly publish   main: 'gulpfile.js',
44 silly publish   scripts: { test: 'gulp' },
44 silly publish   repository: { type: 'git', url: 'https://github.com/Wscats' },
44 silly publish   dependencies: { gulp: '*' },
44 silly publish   keywords: [ 'angular', 'weui', 'swiper' ],
44 silly publish   bugs: { url: 'https://github.com/Wscats/news/issues' },
44 silly publish   author: { name: 'wscats' },
44 silly publish   license: 'ISC',
44 silly publish   _id: '1.0@1.0.2',
44 silly publish   _shasum: 'a5b6e2487f7612a343b0d11c90787d08c4f1891b',
44 silly publish   _from: '1.0@latest',
44 silly publish   _npmVersion: '2.15.1',
44 silly publish   _nodeVersion: '4.4.4',
44 silly publish   _npmUser: { name: 'autumnswind', email: 'AutumnsWinds@gmail.com' },
44 silly publish   dist:
44 silly publish    { shasum: 'a5b6e2487f7612a343b0d11c90787d08c4f1891b',
44 silly publish      tarball: 'https://registry.npmjs.org/1.0/-/1.0-1.0.2.tgz' },
44 silly publish   maintainers: [ { name: 'autumnswind', email: 'AutumnsWinds@gmail.com' } ],
44 silly publish   _npmOperationalInternal:
44 silly publish    { host: 'packages-12-west.internal.npmjs.com',
44 silly publish      tmp: 'tmp/1.0-1.0.2.tgz_1480827253003_0.33428761176764965' },
44 silly publish   directories: {},
44 silly publish   _resolved: 'https://registry.npmjs.org/1.0/-/1.0-1.0.2.tgz' }
45 info lifecycle 1.0@1.0.2~prepublish: 1.0@1.0.2
46 silly lifecycle 1.0@1.0.2~prepublish: no script for prepublish, continuing
47 verbose getPublishConfig undefined
48 silly mapToRegistry name 1.0
49 silly mapToRegistry using default registry
50 silly mapToRegistry registry https://registry.npmjs.org/
51 silly mapToRegistry uri https://registry.npmjs.org/1.0
52 verbose publish registryBase https://registry.npmjs.org/
53 silly publish uploading /home/fabio/.npm/1.0/1.0.2/package.tgz
54 verbose stack Error: auth required for publishing
54 verbose stack     at CachingRegistryClient.publish (/usr/share/npm/node_modules/npm-registry-client/lib/publish.js:30:14)
54 verbose stack     at /usr/share/npm/lib/publish.js:137:14
54 verbose stack     at mapToRegistry (/usr/share/npm/lib/utils/map-to-registry.js:55:3)
54 verbose stack     at publish_ (/usr/share/npm/lib/publish.js:106:3)
54 verbose stack     at Array.<anonymous> (/usr/share/npm/node_modules/slide/lib/bind-actor.js:15:8)
54 verbose stack     at LOOP (/usr/share/npm/node_modules/slide/lib/chain.js:15:14)
54 verbose stack     at /usr/share/npm/node_modules/slide/lib/chain.js:18:7
54 verbose stack     at done (/usr/share/npm/lib/utils/lifecycle.js:115:5)
54 verbose stack     at LOOP (/usr/share/npm/node_modules/slide/lib/chain.js:7:26)
54 verbose stack     at /usr/share/npm/node_modules/slide/lib/chain.js:18:7
55 verbose cwd /home/fabio/dev/projetos/node/MeuEvento
56 error Linux 4.4.0-62-generic
57 error argv "/usr/bin/nodejs" "/usr/bin/npm" "publish" "-t" "1.0"
58 error node v4.2.6
59 error npm  v3.5.2
60 error code ENEEDAUTH
61 error need auth auth required for publishing
62 error need auth You need to authorize this machine using `npm adduser`
63 verbose exit [ 1, true ]
